\BOOKMARK [0][-]{chapter.1}{Introduction}{}% 1
\BOOKMARK [1][-]{section.1.1}{Spatial patterning in biological systems}{chapter.1}% 2
\BOOKMARK [1][-]{section.1.2}{Cell polarity}{chapter.1}% 3
\BOOKMARK [2][-]{subsection.1.2.1}{The Min system}{section.1.2}% 4
\BOOKMARK [2][-]{subsection.1.2.2}{CDC-42 polarity in yeast}{section.1.2}% 5
\BOOKMARK [2][-]{subsection.1.2.3}{PAR polarity}{section.1.2}% 6
\BOOKMARK [1][-]{section.1.3}{Maintenance of cell polarity by bistable reaction-diffusion systems}{chapter.1}% 7
\BOOKMARK [2][-]{subsection.1.3.1}{Bistable reaction kinetics}{section.1.3}% 8
\BOOKMARK [2][-]{subsection.1.3.2}{Single species polarity models}{section.1.3}% 9
\BOOKMARK [2][-]{subsection.1.3.3}{The mutual antagonism model}{section.1.3}% 10
\BOOKMARK [1][-]{section.1.4}{A molecular basis for ultrasensitivity}{chapter.1}% 11
\BOOKMARK [2][-]{subsection.1.4.1}{Ultrasensitivity in protein phosphorylation reactions}{section.1.4}% 12
\BOOKMARK [2][-]{subsection.1.4.2}{Ultrasensitivity through cooperative membrane binding}{section.1.4}% 13
\BOOKMARK [1][-]{section.1.5}{PAR polarity in C elegans zygotes}{chapter.1}% 14
\BOOKMARK [2][-]{subsection.1.5.1}{Mechanisms of PAR cortical association}{section.1.5}% 15
\BOOKMARK [2][-]{subsection.1.5.2}{Maintenance of polarity by mutual antagonism}{section.1.5}% 16
\BOOKMARK [2][-]{subsection.1.5.3}{Establishment of polarity}{section.1.5}% 17
\BOOKMARK [2][-]{subsection.1.5.4}{Downstream of the PAR proteins}{section.1.5}% 18
\BOOKMARK [2][-]{subsection.1.5.5}{Resistance and substrate competition}{section.1.5}% 19
\BOOKMARK [2][-]{subsection.1.5.6}{Discussion}{section.1.5}% 20
\BOOKMARK [1][-]{section.1.6}{PAR-2: roles and mechanisms of action}{chapter.1}% 21
\BOOKMARK [2][-]{subsection.1.6.1}{Main functional roles of PAR-2}{section.1.6}% 22
\BOOKMARK [2][-]{subsection.1.6.2}{Evidence and proposed roles for oligomerisation}{section.1.6}% 23
\BOOKMARK [2][-]{subsection.1.6.3}{Roles for the RING domain}{section.1.6}% 24
\BOOKMARK [2][-]{subsection.1.6.4}{Discussion}{section.1.6}% 25
\BOOKMARK [0][-]{chapter.2}{A pipeline for quantification of membrane and cytoplasmic protein concentrations}{}% 26
\BOOKMARK [1][-]{section.2.1}{Autofluorescence correction}{chapter.2}% 27
\BOOKMARK [2][-]{subsection.2.1.1}{Autofluorescence in C. elegans}{section.2.1}% 28
\BOOKMARK [2][-]{subsection.2.1.2}{SAIBR: a simplified method for autofluorescence correction based on dual emission imaging}{section.2.1}% 29
\BOOKMARK [2][-]{subsection.2.1.3}{Assessing SAIBR performance on images of PAR proteins}{section.2.1}% 30
\BOOKMARK [2][-]{subsection.2.1.4}{Extending SAIBR to dual-labelled C. elegans embryos}{section.2.1}% 31
\BOOKMARK [2][-]{subsection.2.1.5}{Discussion}{section.2.1}% 32
\BOOKMARK [1][-]{section.2.2}{Extracting membrane and cytoplasmic signal components}{chapter.2}% 33
\BOOKMARK [2][-]{subsection.2.2.1}{An overview of existing methods}{section.2.2}% 34
\BOOKMARK [2][-]{subsection.2.2.2}{Accounting for out-of-focus scatter}{section.2.2}% 35
\BOOKMARK [2][-]{subsection.2.2.3}{A gradient descent protocol for image quantification}{section.2.2}% 36
\BOOKMARK [2][-]{subsection.2.2.4}{Segmentation}{section.2.2}% 37
\BOOKMARK [2][-]{subsection.2.2.5}{Benchmarking the method}{section.2.2}% 38
\BOOKMARK [2][-]{subsection.2.2.6}{Calibrating concentration units}{section.2.2}% 39
\BOOKMARK [2][-]{subsection.2.2.7}{Discussion}{section.2.2}% 40
\BOOKMARK [0][-]{chapter.3}{Uncovering a PAR-2 positive feedback circuit}{}% 41
\BOOKMARK [1][-]{section.3.1}{Introduction}{chapter.3}% 42
\BOOKMARK [2][-]{subsection.3.1.1}{The PAR-2 polarity pathway}{section.3.1}% 43
\BOOKMARK [2][-]{subsection.3.1.2}{Self-recruitment}{section.3.1}% 44
\BOOKMARK [2][-]{subsection.3.1.3}{RING domain}{section.3.1}% 45
\BOOKMARK [2][-]{subsection.3.1.4}{Substrate-kinase interaction}{section.3.1}% 46
\BOOKMARK [2][-]{subsection.3.1.5}{Outlook}{section.3.1}% 47
\BOOKMARK [1][-]{section.3.2}{Quantitative characterisation of PAR-2 mutant alleles}{chapter.3}% 48
\BOOKMARK [1][-]{section.3.3}{RING domain promotes positive feedback to achieve optimal membrane affinity}{chapter.3}% 49
\BOOKMARK [1][-]{section.3.4}{Discussion}{chapter.3}% 50
\BOOKMARK [0][-]{chapter.4}{Determining mechanisms of PAR-2 RING domain action}{}% 51
\BOOKMARK [1][-]{section.4.1}{Introduction}{chapter.4}% 52
\BOOKMARK [1][-]{section.4.2}{Exploring a role for ubiquitination}{chapter.4}% 53
\BOOKMARK [2][-]{subsection.4.2.1}{PAR-2 does not show activity in in vitro ubiquitination assays}{section.4.2}% 54
\BOOKMARK [2][-]{subsection.4.2.2}{Targeted mutation to putative linchpin site has no phenotype}{section.4.2}% 55
\BOOKMARK [2][-]{subsection.4.2.3}{Discussion}{section.4.2}% 56
\BOOKMARK [1][-]{section.4.3}{Exploring a role for dimerisation}{chapter.4}% 57
\BOOKMARK [2][-]{subsection.4.3.1}{PAR-2 RING domain sequence bears hallmarks of dimeric RINGs}{section.4.3}% 58
\BOOKMARK [2][-]{subsection.4.3.2}{The PAR-2 RING domain displays concentration-dependent dimerisation in vitro}{section.4.3}% 59
\BOOKMARK [2][-]{subsection.4.3.3}{Dimerisation is mediated by 4-helix bundle with hydrophobic core}{section.4.3}% 60
\BOOKMARK [2][-]{subsection.4.3.4}{Cytoplasmic PAR-2 does not self-associate in vivo}{section.4.3}% 61
\BOOKMARK [2][-]{subsection.4.3.5}{Membrane-enriched PAR-2 self-associates in vivo}{section.4.3}% 62
\BOOKMARK [2][-]{subsection.4.3.6}{Mutation to dimerisation interface weakens membrane association in vivo}{section.4.3}% 63
\BOOKMARK [2][-]{subsection.4.3.7}{Discussion}{section.4.3}% 64
\BOOKMARK [0][-]{chapter.5}{A thermodynamic model of PAR-2 dimerisation}{}% 65
\BOOKMARK [1][-]{section.5.1}{Introduction}{chapter.5}% 66
\BOOKMARK [1][-]{section.5.2}{Model description}{chapter.5}% 67
\BOOKMARK [2][-]{subsection.5.2.1}{Thermodynamic description of membrane binding}{section.5.2}% 68
\BOOKMARK [2][-]{subsection.5.2.2}{Thermodynamic description of dimerisation}{section.5.2}% 69
\BOOKMARK [2][-]{subsection.5.2.3}{4-species dimerisation model}{section.5.2}% 70
\BOOKMARK [1][-]{section.5.3}{Intermediate dimerisation can drive nonlinear membrane association}{chapter.5}% 71
\BOOKMARK [1][-]{section.5.4}{Assessment of PAR-2 membrane binding kinetics}{chapter.5}% 72
\BOOKMARK [1][-]{section.5.5}{Discussion}{chapter.5}% 73
\BOOKMARK [0][-]{chapter.6}{Modelling dimerisation-driven positive feedback in the PAR network}{}% 74
\BOOKMARK [1][-]{section.6.1}{Model description}{chapter.6}% 75
\BOOKMARK [2][-]{subsection.6.1.1}{Reducing thermodynamic model to a two-species model}{section.6.1}% 76
\BOOKMARK [2][-]{subsection.6.1.2}{Explicit description of membrane binding kinetics}{section.6.1}% 77
\BOOKMARK [2][-]{subsection.6.1.3}{Incorporation into mutual antagonism model}{section.6.1}% 78
\BOOKMARK [0][-]{chapter.7}{Experimental manipulation of PAR-2 dimerisation}{}% 79
\BOOKMARK [1][-]{section.7.1}{Introduction}{chapter.7}% 80
\BOOKMARK [1][-]{section.7.2}{Forced constitutive dimerisation of PAR-2 shifts localisation towards lower-affinity membranes}{chapter.7}% 81
\BOOKMARK [1][-]{section.7.3}{Incorporating internal membranes into the thermodynamic model}{chapter.7}% 82
\BOOKMARK [1][-]{section.7.4}{Modelling kinetics outside of equilibrium}{chapter.7}% 83
\BOOKMARK [1][-]{section.7.5}{aPAR disruption partially restores expected equilibrium localisation pattern}{chapter.7}% 84
\BOOKMARK [1][-]{section.7.6}{Discussion}{chapter.7}% 85
\BOOKMARK [0][-]{chapter.8}{Discussion}{}% 86
\BOOKMARK [0][-]{chapter.9}{Materials and methods}{}% 87
\BOOKMARK [1][-]{section.9.1}{Worm maintenance}{chapter.9}% 88
\BOOKMARK [1][-]{section.9.2}{Generating transgenic lines by CRISPR}{chapter.9}% 89
\BOOKMARK [1][-]{section.9.3}{Microscopy}{chapter.9}% 90
\BOOKMARK [1][-]{section.9.4}{Full-length PAR-2 purification}{chapter.9}% 91
\BOOKMARK [1][-]{section.9.5}{Ubiquitination assays}{chapter.9}% 92
\BOOKMARK [1][-]{section.9.6}{PAR-2 RING domain fragment purification}{chapter.9}% 93
\BOOKMARK [1][-]{section.9.7}{SEC-MALS}{chapter.9}% 94
\BOOKMARK [1][-]{section.9.8}{Image analysis}{chapter.9}% 95
\BOOKMARK [1][-]{section.9.9}{Modelling methods}{chapter.9}% 96
\BOOKMARK [0][-]{chapter*.67}{Appendix: Analysis of PAR-2 diffusion kinetics by single particle tracking}{}% 97
\BOOKMARK [0][-]{chapter*.68}{Abbreviations}{}% 98
\BOOKMARK [0][-]{chapter*.68}{Bibliography}{}% 99
