This is pdfTeX, Version 3.14159265-2.6-1.40.18 (TeX Live 2017) (preloaded format=pdflatex 2017.9.26)  12 JAN 2022 18:59
entering extended mode
 restricted \write18 enabled.
 %&-line parsing enabled.
**Thesis.tex
(./Thesis.tex
LaTeX2e <2017-04-15>
Babel <3.10> and hyphenation patterns for 84 language(s) loaded.
(/usr/local/texlive/2017/texmf-dist/tex/latex/base/article.cls

LaTeX Warning: You have requested document class `"article"',
               but the document class provides `article'.

Document Class: article 2014/09/29 v1.4h Standard LaTeX document class
(/usr/local/texlive/2017/texmf-dist/tex/latex/base/size12.clo
File: size12.clo 2014/09/29 v1.4h Standard LaTeX file (size option)
)
\c@part=\count79
\c@section=\count80
\c@subsection=\count81
\c@subsubsection=\count82
\c@paragraph=\count83
\c@subparagraph=\count84
\c@figure=\count85
\c@table=\count86
\abovecaptionskip=\skip41
\belowcaptionskip=\skip42
\bibindent=\dimen102
)
(/usr/local/texlive/2017/texmf-dist/tex/latex/geometry/geometry.sty
Package: geometry 2010/09/12 v5.6 Page Geometry

(/usr/local/texlive/2017/texmf-dist/tex/latex/graphics/keyval.sty
Package: keyval 2014/10/28 v1.15 key=value parser (DPC)
\KV@toks@=\toks14
)
(/usr/local/texlive/2017/texmf-dist/tex/generic/oberdiek/ifpdf.sty
Package: ifpdf 2017/03/15 v3.2 Provides the ifpdf switch
)
(/usr/local/texlive/2017/texmf-dist/tex/generic/oberdiek/ifvtex.sty
Package: ifvtex 2016/05/16 v1.6 Detect VTeX and its facilities (HO)
Package ifvtex Info: VTeX not detected.
)
(/usr/local/texlive/2017/texmf-dist/tex/generic/ifxetex/ifxetex.sty
Package: ifxetex 2010/09/12 v0.6 Provides ifxetex conditional
)
\Gm@cnth=\count87
\Gm@cntv=\count88
\c@Gm@tempcnt=\count89
\Gm@bindingoffset=\dimen103
\Gm@wd@mp=\dimen104
\Gm@odd@mp=\dimen105
\Gm@even@mp=\dimen106
\Gm@layoutwidth=\dimen107
\Gm@layoutheight=\dimen108
\Gm@layouthoffset=\dimen109
\Gm@layoutvoffset=\dimen110
\Gm@dimlist=\toks15
)
(/usr/local/texlive/2017/texmf-dist/tex/latex/graphics/graphicx.sty
Package: graphicx 2014/10/28 v1.0g Enhanced LaTeX Graphics (DPC,SPQR)

(/usr/local/texlive/2017/texmf-dist/tex/latex/graphics/graphics.sty
Package: graphics 2017/04/14 v1.1b Standard LaTeX Graphics (DPC,SPQR)

(/usr/local/texlive/2017/texmf-dist/tex/latex/graphics/trig.sty
Package: trig 2016/01/03 v1.10 sin cos tan (DPC)
)
(/usr/local/texlive/2017/texmf-dist/tex/latex/graphics-cfg/graphics.cfg
File: graphics.cfg 2016/06/04 v1.11 sample graphics configuration
)
Package graphics Info: Driver file: pdftex.def on input line 99.

(/usr/local/texlive/2017/texmf-dist/tex/latex/graphics-def/pdftex.def
File: pdftex.def 2017/01/12 v0.06k Graphics/color for pdfTeX

(/usr/local/texlive/2017/texmf-dist/tex/generic/oberdiek/infwarerr.sty
Package: infwarerr 2016/05/16 v1.4 Providing info/warning/error messages (HO)
)
(/usr/local/texlive/2017/texmf-dist/tex/generic/oberdiek/ltxcmds.sty
Package: ltxcmds 2016/05/16 v1.23 LaTeX kernel commands for general use (HO)
)
\Gread@gobject=\count90
))
\Gin@req@height=\dimen111
\Gin@req@width=\dimen112
)
(/usr/local/texlive/2017/texmf-dist/tex/latex/titlesec/titlesec.sty
Package: titlesec 2016/03/21 v2.10.2 Sectioning titles
\ttl@box=\box26
\beforetitleunit=\skip43
\aftertitleunit=\skip44
\ttl@plus=\dimen113
\ttl@minus=\dimen114
\ttl@toksa=\toks16
\titlewidth=\dimen115
\titlewidthlast=\dimen116
\titlewidthfirst=\dimen117
)
(/usr/local/texlive/2017/texmf-dist/tex/latex/sidecap/sidecap.sty
Package: sidecap 2003/06/06 v1.6f SideCap Package (RN/HjG)

(/usr/local/texlive/2017/texmf-dist/tex/latex/base/ifthen.sty
Package: ifthen 2014/09/29 v1.1c Standard LaTeX ifthen package (DPC)
)
\SC@BOXWD=\dimen118
\SC@CAPWD=\dimen119
\SC@tempdima=\dimen120
\SC@tempdimb=\dimen121
\c@SC@C=\count91
\SC@BOX=\box27
)
(/usr/local/texlive/2017/texmf-dist/tex/latex/caption/caption.sty
Package: caption 2016/02/21 v3.3-144 Customizing captions (AR)

(/usr/local/texlive/2017/texmf-dist/tex/latex/caption/caption3.sty
Package: caption3 2016/05/22 v1.7-166 caption3 kernel (AR)
Package caption3 Info: TeX engine: e-TeX on input line 67.
\captionmargin=\dimen122
\captionmargin@=\dimen123
\captionwidth=\dimen124
\caption@tempdima=\dimen125
\caption@indent=\dimen126
\caption@parindent=\dimen127
\caption@hangindent=\dimen128
)
\c@ContinuedFloat=\count92
Package caption Info: sidecap package is loaded.
)
(/usr/local/texlive/2017/texmf-dist/tex/latex/tools/verbatim.sty
Package: verbatim 2014/10/28 v1.5q LaTeX2e package for verbatim enhancements
\every@verbatim=\toks17
\verbatim@line=\toks18
\verbatim@in@stream=\read1
)
(/usr/local/texlive/2017/texmf-dist/tex/latex/setspace/setspace.sty
Package: setspace 2011/12/19 v6.7a set line spacing
)
(/usr/local/texlive/2017/texmf-dist/tex/latex/chngcntr/chngcntr.sty
Package: chngcntr 2009/09/02 v1.0a change counter resetting
)
(/usr/local/texlive/2017/texmf-dist/tex/latex/hyperref/hyperref.sty
Package: hyperref 2017/03/14 v6.85a Hypertext links for LaTeX

(/usr/local/texlive/2017/texmf-dist/tex/generic/oberdiek/hobsub-hyperref.sty
Package: hobsub-hyperref 2016/05/16 v1.14 Bundle oberdiek, subset hyperref (HO)


(/usr/local/texlive/2017/texmf-dist/tex/generic/oberdiek/hobsub-generic.sty
Package: hobsub-generic 2016/05/16 v1.14 Bundle oberdiek, subset generic (HO)
Package: hobsub 2016/05/16 v1.14 Construct package bundles (HO)
Package hobsub Info: Skipping package `infwarerr' (already loaded).
Package hobsub Info: Skipping package `ltxcmds' (already loaded).
Package: ifluatex 2016/05/16 v1.4 Provides the ifluatex switch (HO)
Package ifluatex Info: LuaTeX not detected.
Package hobsub Info: Skipping package `ifvtex' (already loaded).
Package: intcalc 2016/05/16 v1.2 Expandable calculations with integers (HO)
Package hobsub Info: Skipping package `ifpdf' (already loaded).
Package: etexcmds 2016/05/16 v1.6 Avoid name clashes with e-TeX commands (HO)
Package etexcmds Info: Could not find \expanded.
(etexcmds)             That can mean that you are not using pdfTeX 1.50 or
(etexcmds)             that some package has redefined \expanded.
(etexcmds)             In the latter case, load this package earlier.
Package: kvsetkeys 2016/05/16 v1.17 Key value parser (HO)
Package: kvdefinekeys 2016/05/16 v1.4 Define keys (HO)
Package: pdftexcmds 2017/03/19 v0.25 Utility functions of pdfTeX for LuaTeX (HO
)
Package pdftexcmds Info: LuaTeX not detected.
Package pdftexcmds Info: \pdf@primitive is available.
Package pdftexcmds Info: \pdf@ifprimitive is available.
Package pdftexcmds Info: \pdfdraftmode found.
Package: pdfescape 2016/05/16 v1.14 Implements pdfTeX's escape features (HO)
Package: bigintcalc 2016/05/16 v1.4 Expandable calculations on big integers (HO
)
Package: bitset 2016/05/16 v1.2 Handle bit-vector datatype (HO)
Package: uniquecounter 2016/05/16 v1.3 Provide unlimited unique counter (HO)
)
Package hobsub Info: Skipping package `hobsub' (already loaded).
Package: letltxmacro 2016/05/16 v1.5 Let assignment for LaTeX macros (HO)
Package: hopatch 2016/05/16 v1.3 Wrapper for package hooks (HO)
Package: xcolor-patch 2016/05/16 xcolor patch
Package: atveryend 2016/05/16 v1.9 Hooks at the very end of document (HO)
Package atveryend Info: \enddocument detected (standard20110627).
Package: atbegshi 2016/06/09 v1.18 At begin shipout hook (HO)
Package: refcount 2016/05/16 v3.5 Data extraction from label references (HO)
Package: hycolor 2016/05/16 v1.8 Color options for hyperref/bookmark (HO)
)
(/usr/local/texlive/2017/texmf-dist/tex/latex/oberdiek/auxhook.sty
Package: auxhook 2016/05/16 v1.4 Hooks for auxiliary files (HO)
)
(/usr/local/texlive/2017/texmf-dist/tex/latex/oberdiek/kvoptions.sty
Package: kvoptions 2016/05/16 v3.12 Key value format for package options (HO)
)
\@linkdim=\dimen129
\Hy@linkcounter=\count93
\Hy@pagecounter=\count94

(/usr/local/texlive/2017/texmf-dist/tex/latex/hyperref/pd1enc.def
File: pd1enc.def 2017/03/14 v6.85a Hyperref: PDFDocEncoding definition (HO)
)
\Hy@SavedSpaceFactor=\count95

(/usr/local/texlive/2017/texmf-dist/tex/latex/latexconfig/hyperref.cfg
File: hyperref.cfg 2002/06/06 v1.2 hyperref configuration of TeXLive
)
Package hyperref Info: Hyper figures OFF on input line 4498.
Package hyperref Info: Link nesting OFF on input line 4503.
Package hyperref Info: Hyper index ON on input line 4506.
Package hyperref Info: Plain pages OFF on input line 4513.
Package hyperref Info: Backreferencing OFF on input line 4518.
Package hyperref Info: Implicit mode ON; LaTeX internals redefined.
Package hyperref Info: Bookmarks ON on input line 4751.
\c@Hy@tempcnt=\count96

(/usr/local/texlive/2017/texmf-dist/tex/latex/url/url.sty
\Urlmuskip=\muskip10
Package: url 2013/09/16  ver 3.4  Verb mode for urls, etc.
)
LaTeX Info: Redefining \url on input line 5104.
\XeTeXLinkMargin=\dimen130
\Fld@menulength=\count97
\Field@Width=\dimen131
\Fld@charsize=\dimen132
Package hyperref Info: Hyper figures OFF on input line 6358.
Package hyperref Info: Link nesting OFF on input line 6363.
Package hyperref Info: Hyper index ON on input line 6366.
Package hyperref Info: backreferencing OFF on input line 6373.
Package hyperref Info: Link coloring OFF on input line 6378.
Package hyperref Info: Link coloring with OCG OFF on input line 6383.
Package hyperref Info: PDF/A mode OFF on input line 6388.
LaTeX Info: Redefining \ref on input line 6428.
LaTeX Info: Redefining \pageref on input line 6432.
\Hy@abspage=\count98
\c@Item=\count99
\c@Hfootnote=\count100
)

Package hyperref Message: Driver (autodetected): hpdftex.

(/usr/local/texlive/2017/texmf-dist/tex/latex/hyperref/hpdftex.def
File: hpdftex.def 2017/03/14 v6.85a Hyperref driver for pdfTeX
\Fld@listcount=\count101
\c@bookmark@seq@number=\count102

(/usr/local/texlive/2017/texmf-dist/tex/latex/oberdiek/rerunfilecheck.sty
Package: rerunfilecheck 2016/05/16 v1.8 Rerun checks for auxiliary files (HO)
Package uniquecounter Info: New unique counter `rerunfilecheck' on input line 2
82.
)
\Hy@SectionHShift=\skip45
)
(./Thesis.aux)
\openout1 = `Thesis.aux'.

LaTeX Font Info:    Checking defaults for OML/cmm/m/it on input line 19.
LaTeX Font Info:    ... okay on input line 19.
LaTeX Font Info:    Checking defaults for T1/cmr/m/n on input line 19.
LaTeX Font Info:    ... okay on input line 19.
LaTeX Font Info:    Checking defaults for OT1/cmr/m/n on input line 19.
LaTeX Font Info:    ... okay on input line 19.
LaTeX Font Info:    Checking defaults for OMS/cmsy/m/n on input line 19.
LaTeX Font Info:    ... okay on input line 19.
LaTeX Font Info:    Checking defaults for OMX/cmex/m/n on input line 19.
LaTeX Font Info:    ... okay on input line 19.
LaTeX Font Info:    Checking defaults for U/cmr/m/n on input line 19.
LaTeX Font Info:    ... okay on input line 19.
LaTeX Font Info:    Checking defaults for PD1/pdf/m/n on input line 19.
LaTeX Font Info:    ... okay on input line 19.

*geometry* driver: auto-detecting
*geometry* detected driver: pdftex
*geometry* verbose mode - [ preamble ] result:
* driver: pdftex
* paper: <default>
* layout: <same size as paper>
* layoutoffset:(h,v)=(0.0pt,0.0pt)
* modes: 
* h-part:(L,W,R)=(108.405pt, 397.485pt, 108.405pt)
* v-part:(T,H,B)=(108.405pt, 578.15999pt, 108.405pt)
* \paperwidth=614.295pt
* \paperheight=794.96999pt
* \textwidth=397.485pt
* \textheight=578.15999pt
* \oddsidemargin=36.13501pt
* \evensidemargin=36.13501pt
* \topmargin=-0.86499pt
* \headheight=12.0pt
* \headsep=25.0pt
* \topskip=12.0pt
* \footskip=30.0pt
* \marginparwidth=44.0pt
* \marginparsep=10.0pt
* \columnsep=10.0pt
* \skip\footins=10.8pt plus 4.0pt minus 2.0pt
* \hoffset=0.0pt
* \voffset=0.0pt
* \mag=1000
* \@twocolumnfalse
* \@twosidefalse
* \@mparswitchfalse
* \@reversemarginfalse
* (1in=72.27pt=25.4mm, 1cm=28.453pt)

(/usr/local/texlive/2017/texmf-dist/tex/context/base/mkii/supp-pdf.mkii
[Loading MPS to PDF converter (version 2006.09.02).]
\scratchcounter=\count103
\scratchdimen=\dimen133
\scratchbox=\box28
\nofMPsegments=\count104
\nofMParguments=\count105
\everyMPshowfont=\toks19
\MPscratchCnt=\count106
\MPscratchDim=\dimen134
\MPnumerator=\count107
\makeMPintoPDFobject=\count108
\everyMPtoPDFconversion=\toks20
) (/usr/local/texlive/2017/texmf-dist/tex/latex/oberdiek/epstopdf-base.sty
Package: epstopdf-base 2016/05/15 v2.6 Base part for package epstopdf

(/usr/local/texlive/2017/texmf-dist/tex/latex/oberdiek/grfext.sty
Package: grfext 2016/05/16 v1.2 Manage graphics extensions (HO)
)
Package epstopdf-base Info: Redefining graphics rule for `.eps' on input line 4
38.
Package grfext Info: Graphics extension search list:
(grfext)             [.png,.pdf,.jpg,.mps,.jpeg,.jbig2,.jb2,.PNG,.PDF,.JPG,.JPE
G,.JBIG2,.JB2,.eps]
(grfext)             \AppendGraphicsExtensions on input line 456.

(/usr/local/texlive/2017/texmf-dist/tex/latex/latexconfig/epstopdf-sys.cfg
File: epstopdf-sys.cfg 2010/07/13 v1.3 Configuration of (r)epstopdf for TeX Liv
e
))
(/usr/local/texlive/2017/texmf-dist/tex/latex/ms/ragged2e.sty
Package: ragged2e 2009/05/21 v2.1 ragged2e Package (MS)

(/usr/local/texlive/2017/texmf-dist/tex/latex/ms/everysel.sty
Package: everysel 2011/10/28 v1.2 EverySelectfont Package (MS)

ABD: EverySelectfont initializing macros
LaTeX Info: Redefining \selectfont on input line 126.
)
\CenteringLeftskip=\skip46
\RaggedLeftLeftskip=\skip47
\RaggedRightLeftskip=\skip48
\CenteringRightskip=\skip49
\RaggedLeftRightskip=\skip50
\RaggedRightRightskip=\skip51
\CenteringParfillskip=\skip52
\RaggedLeftParfillskip=\skip53
\RaggedRightParfillskip=\skip54
\JustifyingParfillskip=\skip55
\CenteringParindent=\skip56
\RaggedLeftParindent=\skip57
\RaggedRightParindent=\skip58
\JustifyingParindent=\skip59
)
Package caption Info: Begin \AtBeginDocument code.
Package caption Info: hyperref package is loaded.
Package caption Info: End \AtBeginDocument code.
\AtBeginShipoutBox=\box29
Package hyperref Info: Link coloring OFF on input line 19.

(/usr/local/texlive/2017/texmf-dist/tex/latex/hyperref/nameref.sty
Package: nameref 2016/05/21 v2.44 Cross-referencing by name of section

(/usr/local/texlive/2017/texmf-dist/tex/generic/oberdiek/gettitlestring.sty
Package: gettitlestring 2016/05/16 v1.5 Cleanup title references (HO)
)
\c@section@level=\count109
)
LaTeX Info: Redefining \ref on input line 19.
LaTeX Info: Redefining \pageref on input line 19.
LaTeX Info: Redefining \nameref on input line 19.

(./Thesis.out) (./Thesis.out)
\@outlinefile=\write3
\openout3 = `Thesis.out'.

 [1

{/usr/local/texlive/2017/texmf-var/fonts/map/pdftex/updmap/pdftex.map}]
Underfull \hbox (badness 10000) in paragraph at lines 30--32

 []

pdfTeX warning (ext4): destination with the same identifier (name{page.1}) has 
been already used, duplicate ignored
<to be read again> 
                   \relax 
l.35 
      [1]
Underfull \hbox (badness 10000) in paragraph at lines 37--39

 []

[2]
Underfull \hbox (badness 10000) in paragraph at lines 44--46

 []

[3] (./Thesis.toc
LaTeX Font Info:    External font `cmex10' loaded for size
(Font)              <12> on input line 2.
LaTeX Font Info:    External font `cmex10' loaded for size
(Font)              <8> on input line 2.
LaTeX Font Info:    External font `cmex10' loaded for size
(Font)              <6> on input line 2.
 [4

] [5]
Overfull \hbox (8.27747pt too wide) in paragraph at lines 53--53
 [][] [][]\OT1/cmr/m/n/12 Sequence anal-y-sis and tar-geted mu-ta-tion of pu-ta
-tive linch- 
 []

[6])
\tf@toc=\write4
\openout4 = `Thesis.toc'.

 [7] (./Thesis.lof)
\tf@lof=\write5
\openout5 = `Thesis.lof'.

 [8

] [9


]
Underfull \hbox (badness 10000) in paragraph at lines 64--65

 []

Missing character: There is no â in font cmr12!
Missing character: There is no € in font cmr12!
Missing character: There is no ™ in font cmr12!

Underfull \hbox (badness 10000) in paragraph at lines 66--67

 []

Missing character: There is no â in font cmr12!
Missing character: There is no € in font cmr12!
Missing character: There is no ¦ in font cmr12!

Underfull \hbox (badness 10000) in paragraph at lines 68--69

 []

[10

]
Underfull \hbox (badness 10000) in paragraph at lines 70--71

 []


Underfull \hbox (badness 10000) in paragraph at lines 72--73

 []


Underfull \hbox (badness 10000) in paragraph at lines 74--75

 []

[11] [12

] [13

]
Underfull \hbox (badness 10000) in paragraph at lines 93--94

 []


Underfull \hbox (badness 10000) in paragraph at lines 95--96

 []

Missing character: There is no â in font cmr12!
Missing character: There is no € in font cmr12!
Missing character: There is no ™ in font cmr12!

Underfull \hbox (badness 10000) in paragraph at lines 99--100

 []


Underfull \hbox (badness 10000) in paragraph at lines 101--102

 []

[14

]
Underfull \hbox (badness 10000) in paragraph at lines 103--104

 []


Underfull \hbox (badness 10000) in paragraph at lines 105--106

 []


Underfull \hbox (badness 10000) in paragraph at lines 107--108

 []

[15]
Underfull \hbox (badness 10000) in paragraph at lines 110--111

 []

Missing character: There is no â in font cmr12!
Missing character: There is no € in font cmr12!
Missing character: There is no ™ in font cmr12!

Underfull \hbox (badness 10000) in paragraph at lines 112--113

 []


Underfull \hbox (badness 10000) in paragraph at lines 114--115

 []

[16]
Missing character: There is no â in font cmr12!
Missing character: There is no € in font cmr12!
Missing character: There is no ™ in font cmr12!

Underfull \hbox (badness 10000) in paragraph at lines 116--117

 []


Underfull \hbox (badness 10000) in paragraph at lines 119--120

 []


Underfull \hbox (badness 10000) in paragraph at lines 121--122

 []

[17]
Missing character: There is no â in font cmr12!
Missing character: There is no € in font cmr12!
Missing character: There is no ™ in font cmr12!

Underfull \hbox (badness 10000) in paragraph at lines 123--124

 []


Underfull \hbox (badness 10000) in paragraph at lines 125--126

 []


Underfull \hbox (badness 10000) in paragraph at lines 130--131

 []


Underfull \hbox (badness 10000) in paragraph at lines 132--133

 []


Underfull \hbox (badness 10000) in paragraph at lines 134--135

 []

Missing character: There is no â in font cmr12!
Missing character: There is no € in font cmr12!
Missing character: There is no ™ in font cmr12!
Missing character: There is no â in font cmr12!
Missing character: There is no € in font cmr12!
Missing character: There is no ™ in font cmr12!
Missing character: There is no â in font cmr12!
Missing character: There is no € in font cmr12!
Missing character: There is no ™ in font cmr12!

Underfull \hbox (badness 10000) in paragraph at lines 136--137

 []

[18]
Missing character: There is no â in font cmr12!
Missing character: There is no € in font cmr12!
Missing character: There is no ™ in font cmr12!

Underfull \hbox (badness 10000) in paragraph at lines 138--139

 []


Underfull \hbox (badness 10000) in paragraph at lines 140--141

 []

[19]
Underfull \hbox (badness 10000) in paragraph at lines 142--143

 []


Underfull \hbox (badness 10000) in paragraph at lines 144--145

 []


Underfull \hbox (badness 10000) in paragraph at lines 146--147

 []


Underfull \hbox (badness 10000) in paragraph at lines 148--149

 []

Missing character: There is no â in font cmr12!
Missing character: There is no € in font cmr12!
Missing character: There is no ™ in font cmr12!
Missing character: There is no â in font cmr12!
Missing character: There is no € in font cmr12!
Missing character: There is no ™ in font cmr12!

Underfull \hbox (badness 10000) in paragraph at lines 150--151

 []

[20]
Missing character: There is no â in font cmr12!
Missing character: There is no € in font cmr12!
Missing character: There is no ™ in font cmr12!

Underfull \hbox (badness 10000) in paragraph at lines 155--156

 []


Underfull \hbox (badness 10000) in paragraph at lines 157--158

 []


Underfull \hbox (badness 10000) in paragraph at lines 159--160

 []

[21]
Underfull \hbox (badness 10000) in paragraph at lines 161--162

 []


Underfull \hbox (badness 10000) in paragraph at lines 163--164

 []

Missing character: There is no â in font cmr12!
Missing character: There is no € in font cmr12!
Missing character: There is no ™ in font cmr12!

Underfull \hbox (badness 10000) in paragraph at lines 165--166

 []


Underfull \hbox (badness 10000) in paragraph at lines 167--168

 []

[22]
Underfull \hbox (badness 10000) in paragraph at lines 169--170

 []


Underfull \hbox (badness 10000) in paragraph at lines 171--172

 []


Underfull \hbox (badness 10000) in paragraph at lines 173--174

 []


Underfull \hbox (badness 10000) in paragraph at lines 175--176

 []


Underfull \hbox (badness 10000) in paragraph at lines 177--178

 []

[23]
Underfull \hbox (badness 10000) in paragraph at lines 182--183

 []


Underfull \hbox (badness 10000) in paragraph at lines 184--185

 []


Underfull \hbox (badness 10000) in paragraph at lines 186--187

 []


Underfull \hbox (badness 10000) in paragraph at lines 189--190

 []

[24]
Underfull \hbox (badness 10000) in paragraph at lines 191--192

 []


Underfull \hbox (badness 10000) in paragraph at lines 193--194

 []

[25]
Underfull \hbox (badness 10000) in paragraph at lines 204--205

 []

Missing character: There is no â in font cmr12!
Missing character: There is no € in font cmr12!
Missing character: There is no ™ in font cmr12!

Underfull \hbox (badness 10000) in paragraph at lines 206--207

 []


Underfull \hbox (badness 10000) in paragraph at lines 208--209

 []

Missing character: There is no â in font cmr12!
Missing character: There is no € in font cmr12!
Missing character: There is no ™ in font cmr12!
Missing character: There is no â in font cmr12!
Missing character: There is no € in font cmr12!
Missing character: There is no ™ in font cmr12!
Missing character: There is no â in font cmr12!
Missing character: There is no € in font cmr12!
Missing character: There is no ™ in font cmr12!

Underfull \hbox (badness 10000) in paragraph at lines 210--211

 []

[26

]
Underfull \hbox (badness 10000) in paragraph at lines 212--213

 []


Underfull \hbox (badness 10000) in paragraph at lines 214--215

 []


Underfull \hbox (badness 10000) in paragraph at lines 219--220

 []

[27]
Underfull \hbox (badness 10000) in paragraph at lines 221--222

 []


Underfull \hbox (badness 10000) in paragraph at lines 223--224

 []


Overfull \hbox (4.16083pt too wide) in paragraph at lines 225--226
[]\OT1/cmr/m/n/12 Whilst the core-concepts of their model (namely con-cen-tra-t
ion/phosphorylation
 []


Underfull \hbox (badness 10000) in paragraph at lines 225--226

 []


Underfull \hbox (badness 10000) in paragraph at lines 230--231

 []

[28]
Missing character: There is no â in font cmr12!
Missing character: There is no € in font cmr12!
Missing character: There is no ™ in font cmr12!

Underfull \hbox (badness 10000) in paragraph at lines 232--233

 []


Underfull \hbox (badness 10000) in paragraph at lines 234--235

 []

[29] [30] [31

]
Underfull \hbox (badness 10000) in paragraph at lines 255--256

 []


Underfull \hbox (badness 10000) in paragraph at lines 257--258

 []

[32


]
Underfull \hbox (badness 10000) in paragraph at lines 261--262

 []

Missing character: There is no â in font cmr12!
Missing character: There is no € in font cmr12!
Missing character: There is no ˜ in font cmr12!
Missing character: There is no â in font cmr12!
Missing character: There is no € in font cmr12!
Missing character: There is no ™ in font cmr12!

Underfull \hbox (badness 10000) in paragraph at lines 263--264

 []

Missing character: There is no â in font cmr12!
Missing character: There is no € in font cmr12!
Missing character: There is no ™ in font cmr12!

Underfull \hbox (badness 10000) in paragraph at lines 265--266

 []

[33]
Underfull \hbox (badness 10000) in paragraph at lines 271--272

 []


Underfull \hbox (badness 10000) in paragraph at lines 273--274

 []

<../Figures/saibr_n2_correlation.png, id=612, 434.8245pt x 435.48697pt>
File: ../Figures/saibr_n2_correlation.png Graphic file (type png)

<use ../Figures/saibr_n2_correlation.png>
Package pdftex.def Info: ../Figures/saibr_n2_correlation.png used on input line
 276.
(pdftex.def)             Requested size: 413.0809pt x 413.71027pt.

Overfull \hbox (15.5959pt too wide) in paragraph at lines 276--279
 [][] 
 []


LaTeX Warning: `!h' float specifier changed to `!ht'.


Underfull \hbox (badness 10000) in paragraph at lines 283--284

 []

[34] [35 <../Figures/saibr_n2_correlation.png (PNG copy)>]
Missing character: There is no â in font cmr12!
Missing character: There is no € in font cmr12!
Missing character: There is no ™ in font cmr12!

Underfull \hbox (badness 10000) in paragraph at lines 288--289

 []


Underfull \hbox (badness 10000) in paragraph at lines 290--291

 []

<../Figures/saibr_spatial_correction.png, id=621, 450.60345pt x 227.71072pt>
File: ../Figures/saibr_spatial_correction.png Graphic file (type png)

<use ../Figures/saibr_spatial_correction.png>
Package pdftex.def Info: ../Figures/saibr_spatial_correction.png used on input 
line 293.
(pdftex.def)             Requested size: 405.53937pt x 204.93773pt.

Overfull \hbox (8.05437pt too wide) in paragraph at lines 293--296
 [][] 
 []


LaTeX Warning: `!h' float specifier changed to `!ht'.


Underfull \hbox (badness 10000) in paragraph at lines 299--300

 []

[36]
<../Figures/saibr_membrane_profiles.png, id=627, 388.27057pt x 277.5168pt>
File: ../Figures/saibr_membrane_profiles.png Graphic file (type png)

<use ../Figures/saibr_membrane_profiles.png>
Package pdftex.def Info: ../Figures/saibr_membrane_profiles.png used on input l
ine 305.
(pdftex.def)             Requested size: 388.2696pt x 277.51611pt.


LaTeX Warning: `!h' float specifier changed to `!ht'.


Underfull \hbox (badness 10000) in paragraph at lines 313--314

 []

[37 <../Figures/saibr_spatial_correction.png (PNG copy)>] [38 <../Figures/saibr
_membrane_profiles.png (PNG copy)>]
<../Figures/saibr_3channel_correlation.png, id=636, 394.89532pt x 394.71465pt>
File: ../Figures/saibr_3channel_correlation.png Graphic file (type png)

<use ../Figures/saibr_3channel_correlation.png>
Package pdftex.def Info: ../Figures/saibr_3channel_correlation.png used on inpu
t line 317.
(pdftex.def)             Requested size: 394.89435pt x 394.71367pt.

Underfull \hbox (badness 10000) in paragraph at lines 323--324

 []

[39 <../Figures/saibr_3channel_correlation.png (PNG copy)>]
<../Figures/saibr_3channel_correction.png, id=641, 249.99397pt x 332.32155pt>
File: ../Figures/saibr_3channel_correction.png Graphic file (type png)

<use ../Figures/saibr_3channel_correction.png>
Package pdftex.def Info: ../Figures/saibr_3channel_correction.png used on input
 line 326.
(pdftex.def)             Requested size: 249.99335pt x 332.32074pt.
Missing character: There is no â in font cmr12!
Missing character: There is no € in font cmr12!
Missing character: There is no ™ in font cmr12!

Underfull \hbox (badness 10000) in paragraph at lines 335--336

 []

[40 <../Figures/saibr_3channel_correction.png (PNG copy)>]
Underfull \hbox (badness 10000) in paragraph at lines 337--338

 []

Missing character: There is no â in font cmr12!
Missing character: There is no € in font cmr12!
Missing character: There is no ™ in font cmr12!

Underfull \hbox (badness 10000) in paragraph at lines 339--340

 []


Underfull \hbox (badness 10000) in paragraph at lines 341--342

 []

[41]
Underfull \hbox (badness 10000) in paragraph at lines 343--344

 []

[42]
Underfull \hbox (badness 10000) in paragraph at lines 353--354

 []


Underfull \hbox (badness 10000) in paragraph at lines 357--358

 []

[43

]
Underfull \hbox (badness 10000) in paragraph at lines 359--360

 []


Underfull \hbox (badness 10000) in paragraph at lines 363--364

 []

[44]
Underfull \hbox (badness 10000) in paragraph at lines 371--372

 []

<../Figures/memquant_cyt_psf.png, id=665, 461.38373pt x 360.50685pt>
File: ../Figures/memquant_cyt_psf.png Graphic file (type png)

<use ../Figures/memquant_cyt_psf.png>
Package pdftex.def Info: ../Figures/memquant_cyt_psf.png used on input line 375
.
(pdftex.def)             Requested size: 415.2415pt x 324.45314pt.

Overfull \hbox (17.7565pt too wide) in paragraph at lines 375--378
 [][] 
 []


LaTeX Warning: `!h' float specifier changed to `!ht'.


Underfull \hbox (badness 10000) in paragraph at lines 381--382

 []

[45] <../Figures/memquant_mem_psf.png, id=670, 461.38373pt x 360.50685pt>
File: ../Figures/memquant_mem_psf.png Graphic file (type png)

<use ../Figures/memquant_mem_psf.png>
Package pdftex.def Info: ../Figures/memquant_mem_psf.png used on input line 384
.
(pdftex.def)             Requested size: 415.2415pt x 324.45314pt.

Overfull \hbox (17.7565pt too wide) in paragraph at lines 384--387
 [][] 
 []


LaTeX Warning: `!h' float specifier changed to `!ht'.


Underfull \hbox (badness 10000) in paragraph at lines 390--391

 []

[46 <../Figures/memquant_cyt_psf.png (PNG copy)>] [47 <../Figures/memquant_mem_
psf.png (PNG copy)>]
Underfull \hbox (badness 10000) in paragraph at lines 392--393

 []


Underfull \hbox (badness 10000) in paragraph at lines 394--395

 []


Underfull \hbox (badness 10000) in paragraph at lines 398--399

 []

[48]
Missing character: There is no â in font cmr12!
Missing character: There is no € in font cmr12!
Missing character: There is no ™ in font cmr12!

Underfull \hbox (badness 10000) in paragraph at lines 400--401

 []


Underfull \hbox (badness 10000) in paragraph at lines 402--403

 []

[49]
Underfull \hbox (badness 10000) in paragraph at lines 404--405

 []


Underfull \hbox (badness 10000) in paragraph at lines 406--407

 []

[50]
Missing character: There is no â in font cmr12!
Missing character: There is no € in font cmr12!
Missing character: There is no ™ in font cmr12!

Underfull \hbox (badness 10000) in paragraph at lines 408--409

 []

<../Figures/memquant_model_schematic.png, id=692, 366.22823pt x 264.80933pt>
File: ../Figures/memquant_model_schematic.png Graphic file (type png)

<use ../Figures/memquant_model_schematic.png>
Package pdftex.def Info: ../Figures/memquant_model_schematic.png used on input 
line 411.
(pdftex.def)             Requested size: 402.85228pt x 291.29115pt.

Overfull \hbox (5.36728pt too wide) in paragraph at lines 411--414
 [][] 
 []


LaTeX Warning: `!h' float specifier changed to `!ht'.


Underfull \hbox (badness 10000) in paragraph at lines 419--420

 []

[51]
Underfull \hbox (badness 10000) in paragraph at lines 421--422

 []

[52 <../Figures/memquant_model_schematic.png (PNG copy)>]
Underfull \hbox (badness 10000) in paragraph at lines 423--424

 []


<../Figures/memquant_forward_and_back_propagation.png, id=701, 295.28317pt x 28
1.853pt>
File: ../Figures/memquant_forward_and_back_propagation.png Graphic file (type p
ng)
 <use ../Figures/memquant_forward_and_back_propagation.png>
Package pdftex.def Info: ../Figures/memquant_forward_and_back_propagation.png u
sed on input line 426.
(pdftex.def)             Requested size: 324.81248pt x 310.03926pt.

Underfull \hbox (badness 10000) in paragraph at lines 432--433

 []

[53 <../Figures/memquant_forward_and_back_propagation.png (PNG copy)>]
<../Figures/memquant_membg_training.png, id=706, 410.19247pt x 456.86685pt>
File: ../Figures/memquant_membg_training.png Graphic file (type png)

<use ../Figures/memquant_membg_training.png>
Package pdftex.def Info: ../Figures/memquant_membg_training.png used on input l
ine 436.
(pdftex.def)             Requested size: 410.19147pt x 456.86572pt.

Overfull \hbox (12.70647pt too wide) in paragraph at lines 436--439
 [][] 
 []


LaTeX Warning: `!h' float specifier changed to `!ht'.


Underfull \hbox (badness 10000) in paragraph at lines 446--447

 []

[54] [55 <../Figures/memquant_membg_training.png (PNG copy)>]
Underfull \hbox (badness 10000) in paragraph at lines 453--454

 []


Underfull \hbox (badness 10000) in paragraph at lines 455--456

 []


<../Figures/memquant_benchmarking_ph_rundown.png, id=716, 432.53595pt x 480.234
15pt>
File: ../Figures/memquant_benchmarking_ph_rundown.png Graphic file (type png)
 <use ../Figures/memquant_benchmarking_ph_rundown.png>
Package pdftex.def Info: ../Figures/memquant_benchmarking_ph_rundown.png used o
n input line 458.
(pdftex.def)             Requested size: 432.53488pt x 480.23297pt.

Overfull \hbox (35.04988pt too wide) in paragraph at lines 458--461
 [][] 
 []


LaTeX Warning: `!h' float specifier changed to `!ht'.

Missing character: There is no â in font cmr12!
Missing character: There is no € in font cmr12!
Missing character: There is no ™ in font cmr12!

Underfull \hbox (badness 10000) in paragraph at lines 464--465

 []


<../Figures/memquant_benchmarking_noise.png, id=717, 386.52405pt x 628.80922pt>
File: ../Figures/memquant_benchmarking_noise.png Graphic file (type png)
<use ../Figures/memquant_benchmarking_noise.png>
Package pdftex.def Info: ../Figures/memquant_benchmarking_noise.png used on inp
ut line 467.
(pdftex.def)             Requested size: 328.54698pt x 534.49036pt.
 [56

]

LaTeX Warning: Text page 57 contains only floats.

[57 <../Figures/memquant_benchmarking_ph_rundown.png (PNG copy)>]

LaTeX Warning: `!h' float specifier changed to `!ht'.

Missing character: There is no â in font cmr12!
Missing character: There is no € in font cmr12!
Missing character: There is no ™ in font cmr12!

Underfull \hbox (badness 10000) in paragraph at lines 476--477

 []

<../Figures/memquant_optogenetics.png, id=727, 420.8523pt x 206.2104pt>
File: ../Figures/memquant_optogenetics.png Graphic file (type png)

<use ../Figures/memquant_optogenetics.png>
Package pdftex.def Info: ../Figures/memquant_optogenetics.png used on input lin
e 479.
(pdftex.def)             Requested size: 420.85127pt x 206.20988pt.

Overfull \hbox (23.36627pt too wide) in paragraph at lines 479--482
 [][] 
 []


LaTeX Warning: `!h' float specifier changed to `!ht'.


Underfull \hbox (badness 10000) in paragraph at lines 493--494

 []

[58]
Missing character: There is no â in font cmr12!
Missing character: There is no € in font cmr12!
Missing character: There is no ™ in font cmr12!

Underfull \hbox (badness 10000) in paragraph at lines 500--501

 []

[59] [60 <../Figures/memquant_benchmarking_noise.png (PNG copy)>] [61 <../Figur
es/memquant_optogenetics.png (PNG copy)>] [62

]
Overfull \hbox (24.28276pt too wide) in paragraph at lines 508--508
|[]\OT1/cmr/bx/n/17.28 Identifying core pat-tern-ing be-haviours of PAR-
 []

<../Figures/uniform_polarity.png, id=754, 391.7034pt x 243.5499pt>
File: ../Figures/uniform_polarity.png Graphic file (type png)

<use ../Figures/uniform_polarity.png>
Package pdftex.def Info: ../Figures/uniform_polarity.png used on input line 515
.
(pdftex.def)             Requested size: 352.5298pt x 219.19287pt.
 [63


 <../Figures/uniform_polarity.png (PNG copy)>]
<../Figures/uniform_polarity_sb.png, id=759, 418.80466pt x 483.60675pt>
File: ../Figures/uniform_polarity_sb.png Graphic file (type png)

<use ../Figures/uniform_polarity_sb.png>
Package pdftex.def Info: ../Figures/uniform_polarity_sb.png used on input line 
525.
(pdftex.def)             Requested size: 376.9207pt x 435.24205pt.
 [64

 <../Figures/uniform_polarity_sb.png (PNG copy)>]
<../Figures/uniform_polarity_mutants.png, id=764, 424.16467pt x 244.45328pt>
File: ../Figures/uniform_polarity_mutants.png Graphic file (type png)

<use ../Figures/uniform_polarity_mutants.png>
Package pdftex.def Info: ../Figures/uniform_polarity_mutants.png used on input 
line 535.
(pdftex.def)             Requested size: 381.74467pt x 220.0059pt.
 [65

 <../Figures/uniform_polarity_mutants.png (PNG copy)>] [66

] [67


] [68

]
Underfull \hbox (badness 10000) in paragraph at lines 567--568

 []

<../Figures/ring_fragment_in_vivo.png, id=782, 460.48035pt x 207.59558pt>
File: ../Figures/ring_fragment_in_vivo.png Graphic file (type png)

<use ../Figures/ring_fragment_in_vivo.png>
Package pdftex.def Info: ../Figures/ring_fragment_in_vivo.png used on input lin
e 570.
(pdftex.def)             Requested size: 414.42848pt x 186.83427pt.

Overfull \hbox (16.94348pt too wide) in paragraph at lines 570--573
 [][] 
 []


Underfull \hbox (badness 10000) in paragraph at lines 576--577

 []

[69

 <../Figures/ring_fragment_in_vivo.png (PNG copy)>]
Underfull \hbox (badness 10000) in paragraph at lines 578--579

 []

<../Figures/ph_ring.png, id=787, 402.60413pt x 440.30498pt>
File: ../Figures/ph_ring.png Graphic file (type png)

<use ../Figures/ph_ring.png>
Package pdftex.def Info: ../Figures/ph_ring.png used on input line 581.
(pdftex.def)             Requested size: 402.60313pt x 440.3039pt.

Overfull \hbox (5.11813pt too wide) in paragraph at lines 581--584
 [][] 
 []


LaTeX Warning: `!h' float specifier changed to `!ht'.

Missing character: There is no â in font cmr12!
Missing character: There is no € in font cmr12!
Missing character: There is no ™ in font cmr12!
Missing character: There is no â in font cmr12!
Missing character: There is no € in font cmr12!
Missing character: There is no ™ in font cmr12!

Underfull \hbox (badness 10000) in paragraph at lines 587--588

 []

<../Figures/ph_ring_rnai.png, id=788, 387.30698pt x 317.14485pt>
File: ../Figures/ph_ring_rnai.png Graphic file (type png)

<use ../Figures/ph_ring_rnai.png>
Package pdftex.def Info: ../Figures/ph_ring_rnai.png used on input line 590.
(pdftex.def)             Requested size: 387.30602pt x 317.14407pt.
 [70]

LaTeX Warning: `!h' float specifier changed to `!ht'.


Overfull \hbox (7.23302pt too wide) in paragraph at lines 598--599
\OT1/cmr/m/n/12 but can dimerise upon re-cruit-ment to the mem-brane, likely du
e to concentration-
 []


Underfull \hbox (badness 10000) in paragraph at lines 598--599

 []

[71 <../Figures/ph_ring.png (PNG copy)>] [72 <../Figures/ph_ring_rnai.png (PNG 
copy)>] <../Figures/tomm20_schematic.png, id=802, 385.07864pt x 169.77428pt>
File: ../Figures/tomm20_schematic.png Graphic file (type png)

<use ../Figures/tomm20_schematic.png>
Package pdftex.def Info: ../Figures/tomm20_schematic.png used on input line 601
.
(pdftex.def)             Requested size: 365.82263pt x 161.28464pt.

Underfull \hbox (badness 10000) in paragraph at lines 607--608

 []

<../Figures/tomm20_merge.png, id=803, 400.91783pt x 223.67564pt>
File: ../Figures/tomm20_merge.png Graphic file (type png)

<use ../Figures/tomm20_merge.png>
Package pdftex.def Info: ../Figures/tomm20_merge.png used on input line 610.
(pdftex.def)             Requested size: 380.86978pt x 212.49065pt.


LaTeX Warning: `!h' float specifier changed to `!ht'.


Underfull \hbox (badness 10000) in paragraph at lines 616--617

 []

[73 <../Figures/tomm20_schematic.png (PNG copy)>] [74 <../Figures/tomm20_merge.
png (PNG copy)>]
<../Figures/tomm20_assay.png, id=812, 289.14023pt x 144.60022pt>
File: ../Figures/tomm20_assay.png Graphic file (type png)

<use ../Figures/tomm20_assay.png>
Package pdftex.def Info: ../Figures/tomm20_assay.png used on input line 619.
(pdftex.def)             Requested size: 289.13951pt x 144.59985pt.
 [75 <../Figures/tomm20_assay.png (PNG copy)>] [76

]
<../Figures/thermodynamic_model_species.png, id=821, 481.3182pt x 440.847pt>
File: ../Figures/thermodynamic_model_species.png Graphic file (type png)

<use ../Figures/thermodynamic_model_species.png>
Package pdftex.def Info: ../Figures/thermodynamic_model_species.png used on inp
ut line 643.
(pdftex.def)             Requested size: 433.18239pt x 396.75862pt.

Overfull \hbox (35.69739pt too wide) in paragraph at lines 643--646
 [][] 
 []


LaTeX Warning: `!h' float specifier changed to `!ht'.

[77


] [78 <../Figures/thermodynamic_model_species.png (PNG copy)>] [79

]
<../Figures/thermodynamic_model_feedback.png, id=836, 466.1415pt x 624.4128pt>
File: ../Figures/thermodynamic_model_feedback.png Graphic file (type png)

<use ../Figures/thermodynamic_model_feedback.png>
Package pdftex.def Info: ../Figures/thermodynamic_model_feedback.png used on in
put line 658.
(pdftex.def)             Requested size: 396.22214pt x 530.75339pt.


LaTeX Warning: Float too large for page by 1.59338pt on input line 662.


LaTeX Warning: `!h' float specifier changed to `!ht'.

[80

] [81 <../Figures/thermodynamic_model_feedback.png (PNG copy)>] [82

]
Overfull \hbox (1.21477pt too wide) in paragraph at lines 674--674
|[]\OT1/cmr/bx/n/17.28 Direct ex-per-i-men-tal ma-nip-u-la-tion of dimeri-
 []

[83


]
Overfull \hbox (1.58073pt too wide) in paragraph at lines 680--680
|[]\OT1/cmr/bx/n/17.28 Modelling dimerisation-driven pos-i-tive feed-
 []

[84


] [85


] [86


] [87


]
Package atveryend Info: Empty hook `BeforeClearDocument' on input line 715.
 [88


]
Package atveryend Info: Empty hook `AfterLastShipout' on input line 715.
 (./Thesis.aux)
Package atveryend Info: Executing hook `AtVeryEndDocument' on input line 715.
Package atveryend Info: Executing hook `AtEndAfterFileList' on input line 715.
Package rerunfilecheck Info: File `Thesis.out' has not changed.
(rerunfilecheck)             Checksum: E267EF43699A6D60F7D8E8B47006E70D;7012.
Package atveryend Info: Empty hook `AtVeryVeryEnd' on input line 715.
 ) 
Here is how much of TeX's memory you used:
 7491 strings out of 492995
 117666 string characters out of 6132704
 205884 words of memory out of 5000000
 10756 multiletter control sequences out of 15000+600000
 8709 words of font info for 31 fonts, out of 8000000 for 9000
 1141 hyphenation exceptions out of 8191
 36i,6n,38p,1644b,348s stack positions out of 5000i,500n,10000p,200000b,80000s
</usr/local/texlive/2017/texmf-dist/fonts/type1/public/amsfonts/cm/cmbx12.pfb
></usr/local/texlive/2017/texmf-dist/fonts/type1/public/amsfonts/cm/cmmi12.pfb>
</usr/local/texlive/2017/texmf-dist/fonts/type1/public/amsfonts/cm/cmmi8.pfb></
usr/local/texlive/2017/texmf-dist/fonts/type1/public/amsfonts/cm/cmr12.pfb></us
r/local/texlive/2017/texmf-dist/fonts/type1/public/amsfonts/cm/cmr17.pfb></usr/
local/texlive/2017/texmf-dist/fonts/type1/public/amsfonts/cm/cmsy10.pfb></usr/l
ocal/texlive/2017/texmf-dist/fonts/type1/public/amsfonts/cm/cmti12.pfb></usr/lo
cal/texlive/2017/texmf-dist/fonts/type1/public/amsfonts/cm/cmtt12.pfb>
Output written on Thesis.pdf (89 pages, 35075034 bytes).
PDF statistics:
 948 PDF objects out of 1000 (max. 8388607)
 816 compressed objects within 9 object streams
 196 named destinations out of 1000 (max. 500000)
 769 words of extra memory for PDF output out of 10000 (max. 10000000)

